[ 2018-11-29T10:19:42+08:00 ] 127.0.0.1 /Home/
INFO: [ app_init ] --START--
INFO: Run Behavior\BuildLiteBehavior [ RunTime:0.000011s ]
INFO: [ app_init ] --END-- [ RunTime:0.000409s ]
INFO: [ app_begin ] --START--
INFO: Run Behavior\ReadHtmlCacheBehavior [ RunTime:0.000514s ]
INFO: Run Behavior\CronRunBehavior [ RunTime:0.000324s ]
INFO: Run Behavior\CheckLangBehavior [ RunTime:0.000982s ]
INFO: [ app_begin ] --END-- [ RunTime:0.001955s ]
NOTIC: [2048] Declaration of Home\Controller\IndexController::error() should be compatible with Think\Controller::error($message = '', $jumpUrl = '', $ajax = false) D:\phpStudy2016\WWW\mp\Application\Home\Controller\IndexController.class.php 第 19 行.
SQL: SHOW COLUMNS FROM `dzm_his_user` [ RunTime:0.0061s ]
SQL: SELECT * FROM `dzm_his_user` WHERE ( mobile='' ) LIMIT 1   [ RunTime:0.0003s ]
SQL: SHOW COLUMNS FROM `dzm_his_doctor` [ RunTime:0.0055s ]
SQL: SELECT * FROM `dzm_his_doctor` WHERE ( mobile='' ) LIMIT 1   [ RunTime:0.0004s ]
INFO: [ view_parse ] --START--
INFO: [ template_filter ] --START--
INFO: Run Behavior\ContentReplaceBehavior [ RunTime:0.001209s ]
INFO: [ template_filter ] --END-- [ RunTime:0.001265s ]
INFO: Run Behavior\ParseTemplateBehavior [ RunTime:0.036642s ]
INFO: [ view_parse ] --END-- [ RunTime:0.036685s ]
INFO: [ view_filter ] --START--
INFO: Run Behavior\WriteHtmlCacheBehavior [ RunTime:0.000530s ]
INFO: [ view_filter ] --END-- [ RunTime:0.000561s ]
INFO: [ app_end ] --START--
INFO: Run Behavior\ShowPageTraceBehavior [ RunTime:0.000708s ]
INFO: [ app_end ] --END-- [ RunTime:0.000743s ]

[ 2018-11-29T10:21:16+08:00 ] 127.0.0.1 /Home/
INFO: [ app_init ] --START--
INFO: Run Behavior\BuildLiteBehavior [ RunTime:0.000011s ]
INFO: [ app_init ] --END-- [ RunTime:0.000373s ]
INFO: [ app_begin ] --START--
INFO: Run Behavior\ReadHtmlCacheBehavior [ RunTime:0.000533s ]
INFO: Run Behavior\CronRunBehavior [ RunTime:0.000324s ]
INFO: Run Behavior\CheckLangBehavior [ RunTime:0.000746s ]
INFO: [ app_begin ] --END-- [ RunTime:0.001715s ]
NOTIC: [2048] Declaration of Home\Controller\IndexController::error() should be compatible with Think\Controller::error($message = '', $jumpUrl = '', $ajax = false) D:\phpStudy2016\WWW\mp\Application\Home\Controller\IndexController.class.php 第 19 行.
SQL: SHOW COLUMNS FROM `dzm_his_user` [ RunTime:0.0109s ]
SQL: SELECT * FROM `dzm_his_user` WHERE ( mobile='' ) LIMIT 1   [ RunTime:0.0004s ]
SQL: SHOW COLUMNS FROM `dzm_his_doctor` [ RunTime:0.0065s ]
SQL: SELECT * FROM `dzm_his_doctor` WHERE ( mobile='' ) LIMIT 1   [ RunTime:0.0004s ]
INFO: [ view_parse ] --START--
INFO: [ template_filter ] --START--
INFO: Run Behavior\ContentReplaceBehavior [ RunTime:0.001201s ]
INFO: [ template_filter ] --END-- [ RunTime:0.001255s ]
INFO: Run Behavior\ParseTemplateBehavior [ RunTime:0.039242s ]
INFO: [ view_parse ] --END-- [ RunTime:0.039287s ]
INFO: [ view_filter ] --START--
INFO: Run Behavior\WriteHtmlCacheBehavior [ RunTime:0.000550s ]
INFO: [ view_filter ] --END-- [ RunTime:0.000581s ]
INFO: [ app_end ] --START--
INFO: Run Behavior\ShowPageTraceBehavior [ RunTime:0.000711s ]
INFO: [ app_end ] --END-- [ RunTime:0.000747s ]

[ 2018-11-29T10:21:20+08:00 ] 127.0.0.1 /Home/
INFO: [ app_init ] --START--
INFO: Run Behavior\BuildLiteBehavior [ RunTime:0.000010s ]
INFO: [ app_init ] --END-- [ RunTime:0.000339s ]
INFO: [ app_begin ] --START--
INFO: Run Behavior\ReadHtmlCacheBehavior [ RunTime:0.000394s ]
INFO: Run Behavior\CronRunBehavior [ RunTime:0.000257s ]
INFO: Run Behavior\CheckLangBehavior [ RunTime:0.000630s ]
INFO: [ app_begin ] --END-- [ RunTime:0.001374s ]
NOTIC: [2048] Declaration of Home\Controller\IndexController::error() should be compatible with Think\Controller::error($message = '', $jumpUrl = '', $ajax = false) D:\phpStudy2016\WWW\mp\Application\Home\Controller\IndexController.class.php 第 19 行.
SQL: SHOW COLUMNS FROM `dzm_his_user` [ RunTime:0.0079s ]
SQL: SELECT * FROM `dzm_his_user` WHERE ( mobile='' ) LIMIT 1   [ RunTime:0.0003s ]
SQL: SHOW COLUMNS FROM `dzm_his_doctor` [ RunTime:0.0053s ]
SQL: SELECT * FROM `dzm_his_doctor` WHERE ( mobile='' ) LIMIT 1   [ RunTime:0.0003s ]
INFO: [ view_parse ] --START--
INFO: [ template_filter ] --START--
INFO: Run Behavior\ContentReplaceBehavior [ RunTime:0.001291s ]
INFO: [ template_filter ] --END-- [ RunTime:0.001431s ]
INFO: Run Behavior\ParseTemplateBehavior [ RunTime:0.037411s ]
INFO: [ view_parse ] --END-- [ RunTime:0.037455s ]
INFO: [ view_filter ] --START--
INFO: Run Behavior\WriteHtmlCacheBehavior [ RunTime:0.000544s ]
INFO: [ view_filter ] --END-- [ RunTime:0.000575s ]
INFO: [ app_end ] --START--
INFO: Run Behavior\ShowPageTraceBehavior [ RunTime:0.000794s ]
INFO: [ app_end ] --END-- [ RunTime:0.000838s ]

[ 2018-11-29T10:21:26+08:00 ] 127.0.0.1 /Home/
INFO: [ app_init ] --START--
INFO: Run Behavior\BuildLiteBehavior [ RunTime:0.000013s ]
INFO: [ app_init ] --END-- [ RunTime:0.000371s ]
INFO: [ app_begin ] --START--
INFO: Run Behavior\ReadHtmlCacheBehavior [ RunTime:0.000411s ]
INFO: Run Behavior\CronRunBehavior [ RunTime:0.000272s ]
INFO: Run Behavior\CheckLangBehavior [ RunTime:0.000705s ]
INFO: [ app_begin ] --END-- [ RunTime:0.001498s ]
NOTIC: [2048] Declaration of Home\Controller\IndexController::error() should be compatible with Think\Controller::error($message = '', $jumpUrl = '', $ajax = false) D:\phpStudy2016\WWW\mp\Application\Home\Controller\IndexController.class.php 第 19 行.
SQL: SHOW COLUMNS FROM `dzm_his_user` [ RunTime:0.0138s ]
SQL: SELECT * FROM `dzm_his_user` WHERE ( mobile='' ) LIMIT 1   [ RunTime:0.0003s ]
SQL: SHOW COLUMNS FROM `dzm_his_doctor` [ RunTime:0.0056s ]
SQL: SELECT * FROM `dzm_his_doctor` WHERE ( mobile='' ) LIMIT 1   [ RunTime:0.0006s ]
INFO: [ view_parse ] --START--
INFO: [ template_filter ] --START--
INFO: Run Behavior\ContentReplaceBehavior [ RunTime:0.001237s ]
INFO: [ template_filter ] --END-- [ RunTime:0.001289s ]
INFO: Run Behavior\ParseTemplateBehavior [ RunTime:0.044859s ]
INFO: [ view_parse ] --END-- [ RunTime:0.045031s ]
INFO: [ view_filter ] --START--
INFO: Run Behavior\WriteHtmlCacheBehavior [ RunTime:0.000838s ]
INFO: [ view_filter ] --END-- [ RunTime:0.000877s ]
INFO: [ app_end ] --START--
INFO: Run Behavior\ShowPageTraceBehavior [ RunTime:0.000741s ]
INFO: [ app_end ] --END-- [ RunTime:0.000786s ]

